<?xml version="1.0" encoding="UTF-8"?>
<!-- Generated by org.testng.reporters.JUnitXMLReporter -->
<testsuite ignored="0" hostname="IBM-PF5EC87N" failures="0" tests="2" name="Cucumber tests" time="16.649" errors="0" timestamp="2025-06-01T21:02:03 WIB">
  <testcase classname="io.cucumber.testng.AbstractTestNGCucumberTests" name="runScenario" time="12.239"/>
  <testcase classname="io.cucumber.testng.AbstractTestNGCucumberTests" name="runScenario" time="2.848"/>
</testsuite> <!-- Cucumber tests -->
