<?xml version="1.0" encoding="UTF-8"?>
<testng-results ignored="0" total="2" passed="2" failed="0" skipped="0">
  <reporter-output>
  </reporter-output>
  <suite started-at="2025-06-01T21:01:46 WIB" name="CucumberSuite" finished-at="2025-06-01T21:02:03 WIB" duration-ms="16649">
    <groups>
      <group name="cucumber">
        <method signature="AbstractTestNGCucumberTests.runScenario(io.cucumber.testng.PickleWrapper,io.cucumber.testng.FeatureWrapper)[pri:0, instance:cucumber.runners.CucumberRunner@1700915]" name="runScenario" class="io.cucumber.testng.AbstractTestNGCucumberTests"/>
      </group> <!-- cucumber -->
    </groups>
    <test started-at="2025-06-01T21:01:46 WIB" name="Cucumber tests" finished-at="2025-06-01T21:02:03 WIB" duration-ms="16649">
      <class name="cucumber.runners.CucumberRunner">
        <test-method is-config="true" signature="setUpClass(org.testng.ITestContext)[pri:0, instance:cucumber.runners.CucumberRunner@1700915]" started-at="2025-06-01T21:01:46 WIB" name="setUpClass" finished-at="2025-06-01T21:01:47 WIB" duration-ms="1370" status="PASS">
          <params>
            <param index="0">
              <value>
                <![CDATA[org.testng.TestRunner@292b08d6]]>
              </value>
            </param>
          </params>
          <reporter-output>
          </reporter-output>
        </test-method> <!-- setUpClass -->
        <test-method signature="runScenario(io.cucumber.testng.PickleWrapper,io.cucumber.testng.FeatureWrapper)[pri:0, instance:cucumber.runners.CucumberRunner@1700915]" started-at="2025-06-01T21:01:47 WIB" name="runScenario" description="Runs Cucumber Scenarios" data-provider="scenarios" finished-at="2025-06-01T21:02:00 WIB" duration-ms="12239" status="PASS">
          <params>
            <param index="0">
              <value>
                <![CDATA["Add a new object and verify its details"]]>
              </value>
            </param>
            <param index="1">
              <value>
                <![CDATA["End-to-End API Testing for Object Management"]]>
              </value>
            </param>
          </params>
          <reporter-output>
          </reporter-output>
        </test-method> <!-- runScenario -->
        <test-method signature="runScenario(io.cucumber.testng.PickleWrapper,io.cucumber.testng.FeatureWrapper)[pri:0, instance:cucumber.runners.CucumberRunner@1700915]" started-at="2025-06-01T21:02:00 WIB" name="runScenario" description="Runs Cucumber Scenarios" data-provider="scenarios" finished-at="2025-06-01T21:02:02 WIB" duration-ms="2848" status="PASS">
          <params>
            <param index="0">
              <value>
                <![CDATA["Delete the object and verify it is removed"]]>
              </value>
            </param>
            <param index="1">
              <value>
                <![CDATA["End-to-End API Testing for Object Management"]]>
              </value>
            </param>
          </params>
          <reporter-output>
          </reporter-output>
        </test-method> <!-- runScenario -->
        <test-method is-config="true" signature="tearDownClass()[pri:0, instance:cucumber.runners.CucumberRunner@1700915]" started-at="2025-06-01T21:02:02 WIB" name="tearDownClass" finished-at="2025-06-01T21:02:03 WIB" duration-ms="85" status="PASS">
          <reporter-output>
          </reporter-output>
        </test-method> <!-- tearDownClass -->
      </class> <!-- cucumber.runners.CucumberRunner -->
    </test> <!-- Cucumber tests -->
  </suite> <!-- CucumberSuite -->
</testng-results>
