<?xml version="1.0" encoding="UTF-8"?>
<testsuite xmlns:xsi="http://www.w3.org/2001/XMLSchema-instance" xsi:noNamespaceSchemaLocation="https://maven.apache.org/surefire/maven-surefire-plugin/xsd/surefire-test-report-3.0.xsd" version="3.0" name="TestSuite" time="7.975" tests="2" errors="0" skipped="0" failures="1">
  <properties>
[...]
</properties>
  <testcase name="runScenario[&quot;Add a new object and verify its details&quot;, &quot;End-to-End API Testing for Object Management&quot;](1)" classname="cucumber.runners.CucumberRunner" time="4.663">
    <failure message="expected [201] but found [200]" type="java.lang.AssertionError"><![CDATA[java.lang.AssertionError: expected [201] but found [200]
	at org.testng.Assert.fail(Assert.java:111)
	at org.testng.Assert.failNotEquals(Assert.java:1578)
	at org.testng.Assert.assertEqualsImpl(Assert.java:150)
	at org.testng.Assert.assertEquals(Assert.java:132)
	at org.testng.Assert.assertEquals(Assert.java:1419)
	at org.testng.Assert.assertEquals(Assert.java:1383)
	at org.testng.Assert.assertEquals(Assert.java:1429)
	at cucumber.definitions.ObjectDefinitions.the_response_status_code_should_be(ObjectDefinitions.java:82)
	at ✽.the response status code should be 201(file:///D:/Bootcamp%20Intensive%20Selenium/Projects/Tugas/apiautomation/src/test/resources/objects.feature:17)
]]></failure>
    <system-out><![CDATA[
Scenario: Add a new object and verify its details                      # src/test/resources/objects.feature:7
  Given the API is available                                           # cucumber.definitions.ObjectDefinitions.the_api_is_available()
  And I login with email "drajattt@gmail.com" and password "admin123!" # cucumber.definitions.ObjectDefinitions.i_login_with_email_and_password(java.lang.String,java.lang.String)
  When I add a new object with the following data:                     # cucumber.definitions.ObjectDefinitions.i_add_a_new_object_with_the_following_data(io.cucumber.datatable.DataTable)
    | name         | Lenovo ThinkBook 7i |
    | year         | 2023                |
    | price        | 1849.99             |
    | cpuModel     | Intel Core i7       |
    | hardDiskSize | 1 TB                |
    | color        | silver              |
    | capacity     | 2 cpu               |
    | screenSize   | 14 Inch             |
  Then the response status code should be 201                          # cucumber.definitions.ObjectDefinitions.the_response_status_code_should_be(java.lang.Integer)
      java.lang.AssertionError: expected [201] but found [200]
      	at org.testng.Assert.fail(Assert.java:111)
      	at org.testng.Assert.failNotEquals(Assert.java:1578)
      	at org.testng.Assert.assertEqualsImpl(Assert.java:150)
      	at org.testng.Assert.assertEquals(Assert.java:132)
      	at org.testng.Assert.assertEquals(Assert.java:1419)
      	at org.testng.Assert.assertEquals(Assert.java:1383)
      	at org.testng.Assert.assertEquals(Assert.java:1429)
      	at cucumber.definitions.ObjectDefinitions.the_response_status_code_should_be(ObjectDefinitions.java:82)
      	at ✽.the response status code should be 201(file:///D:/Bootcamp%20Intensive%20Selenium/Projects/Tugas/apiautomation/src/test/resources/objects.feature:17)
  And the object should be present in the object list                  # cucumber.definitions.ObjectDefinitions.the_object_should_be_present_in_the_object_list()
  And I can retrieve the object details and verify it                  # cucumber.definitions.ObjectDefinitions.i_can_retrieve_the_object_details_and_verify_it()
]]></system-out>
    <system-err><![CDATA[SLF4J: Failed to load class "org.slf4j.impl.StaticLoggerBinder".
SLF4J: Defaulting to no-operation (NOP) logger implementation
SLF4J: See http://www.slf4j.org/codes.html#StaticLoggerBinder for further details.
]]></system-err>
  </testcase>
  <testcase name="runScenario[&quot;Delete the object and verify it is removed&quot;, &quot;End-to-End API Testing for Object Management&quot;](2)" classname="cucumber.runners.CucumberRunner" time="2.369">
    <system-out><![CDATA[
Scenario: Delete the object and verify it is removed                   # src/test/resources/objects.feature:21
  Given the API is available                                           # cucumber.definitions.ObjectDefinitions.the_api_is_available()
  And I login with email "drajattt@gmail.com" and password "admin123!" # cucumber.definitions.ObjectDefinitions.i_login_with_email_and_password(java.lang.String,java.lang.String)
  When I delete the object                                             # cucumber.definitions.ObjectDefinitions.i_delete_the_object()
  Then the response status code should be 200                          # cucumber.definitions.ObjectDefinitions.the_response_status_code_should_be(java.lang.Integer)
  And retrieving the object should return an empty response            # cucumber.definitions.ObjectDefinitions.retrieving_the_object_should_return_an_empty_response()
]]></system-out>
  </testcase>
</testsuite>